12:32:06.413 [main] INFO  testCases.TC_001AccountRegistrationTest - ****starting TC_001AccountRegistration****
12:32:07.164 [main] INFO  testCases.TC_001AccountRegistrationTest - ****providing details****
12:32:08.873 [main] INFO  testCases.TC_001AccountRegistrationTest - ****waiting****
12:32:12.320 [main] INFO  testCases.TC_001AccountRegistrationTest - ****validating exp message****
12:32:16.803 [main] INFO  testCases.TC_001AccountRegistrationTest - Finished TC_001
12:34:16.800 [main] INFO  testCases.TC_001AccountRegistrationTest - ****starting TC_001AccountRegistration****
12:34:17.333 [main] INFO  testCases.TC_001AccountRegistrationTest - ****providing details****
12:34:18.053 [main] INFO  testCases.TC_001AccountRegistrationTest - ****waiting****
12:34:21.379 [main] INFO  testCases.TC_001AccountRegistrationTest - ****validating exp message****
12:36:11.559 [main] INFO  testCases.TC_001AccountRegistrationTest - ****starting TC_001AccountRegistration****
12:36:12.251 [main] INFO  testCases.TC_001AccountRegistrationTest - ****providing details****
12:36:12.857 [main] INFO  testCases.TC_001AccountRegistrationTest - ****waiting****
12:36:16.332 [main] INFO  testCases.TC_001AccountRegistrationTest - ****validating exp message****
12:36:26.243 [main] INFO  testCases.TC_001AccountRegistrationTest - Finished TC_001
12:39:07.542 [main] INFO  testCases.TC_001AccountRegistrationTest - ****starting TC_001AccountRegistration****
12:39:07.808 [main] INFO  testCases.TC_001AccountRegistrationTest - ****providing details****
12:39:07.919 [main] INFO  testCases.TC_001AccountRegistrationTest - ****waiting****
12:39:11.450 [main] INFO  testCases.TC_001AccountRegistrationTest - ****validating exp message****
12:39:13.341 [main] INFO  testCases.TC_001AccountRegistrationTest - Finished TC_001
12:48:31.292 [main] INFO  testCases.TC_001AccountRegistrationTest - ****starting TC_001AccountRegistration****
12:48:32.062 [main] INFO  testCases.TC_001AccountRegistrationTest - ****providing details****
12:48:33.025 [main] INFO  testCases.TC_001AccountRegistrationTest - ****waiting****
12:48:36.468 [main] INFO  testCases.TC_001AccountRegistrationTest - ****validating exp message****
12:48:53.570 [main] INFO  testCases.TC_001AccountRegistrationTest - ****starting TC_001AccountRegistration****
12:48:54.007 [main] INFO  testCases.TC_001AccountRegistrationTest - ****providing details****
12:48:54.495 [main] INFO  testCases.TC_001AccountRegistrationTest - ****waiting****
12:48:57.786 [main] INFO  testCases.TC_001AccountRegistrationTest - ****validating exp message****
12:49:17.580 [main] INFO  testCases.TC_001AccountRegistrationTest - ****starting TC_001AccountRegistration****
12:49:17.806 [main] INFO  testCases.TC_001AccountRegistrationTest - ****providing details****
12:49:17.923 [main] INFO  testCases.TC_001AccountRegistrationTest - ****waiting****
12:49:21.518 [main] INFO  testCases.TC_001AccountRegistrationTest - ****validating exp message****
13:00:34.100 [main] INFO  testCases.TC_001AccountRegistrationTest - ****starting TC_001AccountRegistration****
13:00:34.854 [main] INFO  testCases.TC_001AccountRegistrationTest - ****providing details****
13:00:36.775 [main] INFO  testCases.TC_001AccountRegistrationTest - ****waiting****
13:00:40.222 [main] INFO  testCases.TC_001AccountRegistrationTest - ****validating exp message****
13:00:51.972 [main] INFO  testCases.TC_001AccountRegistrationTest - Finished TC_001
13:00:57.083 [main] INFO  testCases.TC_001AccountRegistrationTest - ****starting TC_001AccountRegistration****
13:00:57.491 [main] INFO  testCases.TC_001AccountRegistrationTest - ****providing details****
13:00:57.938 [main] INFO  testCases.TC_001AccountRegistrationTest - ****waiting****
13:01:02.002 [main] INFO  testCases.TC_001AccountRegistrationTest - ****validating exp message****
13:08:08.754 [main] INFO  testCases.TC_001AccountRegistrationTest - ****starting TC_001AccountRegistration****
13:08:09.417 [main] INFO  testCases.TC_001AccountRegistrationTest - ****providing details****
13:08:10.783 [main] INFO  testCases.TC_001AccountRegistrationTest - ****waiting****
13:08:15.097 [main] ERROR testCases.TC_001AccountRegistrationTest - Test Failed
13:08:15.097 [main] DEBUG testCases.TC_001AccountRegistrationTest - Debug logs..
13:08:20.708 [main] INFO  testCases.TC_001AccountRegistrationTest - ****starting TC_001AccountRegistration****
13:08:21.185 [main] INFO  testCases.TC_001AccountRegistrationTest - ****providing details****
13:08:21.993 [main] INFO  testCases.TC_001AccountRegistrationTest - ****waiting****
13:08:26.154 [main] ERROR testCases.TC_001AccountRegistrationTest - Test Failed
13:08:26.154 [main] DEBUG testCases.TC_001AccountRegistrationTest - Debug logs..
13:08:44.350 [main] INFO  testCases.TC_001AccountRegistrationTest - ****starting TC_001AccountRegistration****
13:08:44.784 [main] INFO  testCases.TC_001AccountRegistrationTest - ****providing details****
13:08:44.943 [main] INFO  testCases.TC_001AccountRegistrationTest - ****waiting****
