13:08:48.455 [main] INFO  testCases.TC_001AccountRegistrationTest - ****validating exp message****
13:13:49.489 [main] INFO  testCases.TC_001AccountRegistrationTest - ****starting TC_001AccountRegistration****
13:13:50.241 [main] INFO  testCases.TC_001AccountRegistrationTest - ****providing details****
13:13:51.554 [main] INFO  testCases.TC_001AccountRegistrationTest - ****waiting****
13:13:55.736 [main] ERROR testCases.TC_001AccountRegistrationTest - Test Failed
13:13:55.736 [main] DEBUG testCases.TC_001AccountRegistrationTest - Debug logs..
13:14:05.773 [main] INFO  testCases.TC_001AccountRegistrationTest - ****starting TC_001AccountRegistration****
13:14:06.287 [main] INFO  testCases.TC_001AccountRegistrationTest - ****providing details****
13:14:07.099 [main] INFO  testCases.TC_001AccountRegistrationTest - ****waiting****
13:14:10.540 [main] INFO  testCases.TC_001AccountRegistrationTest - ****validating exp message****
13:34:17.595 [main] INFO  testCases.TC_001AccountRegistrationTest - ****starting TC_001AccountRegistration****
13:34:18.066 [main] INFO  testCases.TC_001AccountRegistrationTest - ****providing details****
13:34:18.563 [main] INFO  testCases.TC_001AccountRegistrationTest - ****waiting****
13:34:22.737 [main] ERROR testCases.TC_001AccountRegistrationTest - Test Failed
13:34:22.737 [main] DEBUG testCases.TC_001AccountRegistrationTest - Debug logs..
13:34:29.642 [main] INFO  testCases.TC_001AccountRegistrationTest - ****starting TC_001AccountRegistration****
13:34:30.020 [main] INFO  testCases.TC_001AccountRegistrationTest - ****providing details****
13:34:30.438 [main] INFO  testCases.TC_001AccountRegistrationTest - ****waiting****
13:34:36.013 [main] INFO  testCases.TC_001AccountRegistrationTest - ****validating exp message****
13:34:57.575 [main] INFO  testCases.TC_001AccountRegistrationTest - ****starting TC_001AccountRegistration****
13:34:57.875 [main] INFO  testCases.TC_001AccountRegistrationTest - ****providing details****
13:34:58.049 [main] INFO  testCases.TC_001AccountRegistrationTest - ****waiting****
13:35:01.643 [main] INFO  testCases.TC_001AccountRegistrationTest - ****validating exp message****
13:37:01.944 [main] INFO  testCases.TC_001AccountRegistrationTest - ****starting TC_001AccountRegistration****
13:37:03.057 [main] INFO  testCases.TC_001AccountRegistrationTest - ****providing details****
13:37:04.148 [main] INFO  testCases.TC_001AccountRegistrationTest - ****waiting****
13:37:07.595 [main] INFO  testCases.TC_001AccountRegistrationTest - ****validating exp message****
13:37:19.992 [main] INFO  testCases.TC_001AccountRegistrationTest - Finished TC_001
13:37:25.167 [main] INFO  testCases.TC_001AccountRegistrationTest - ****starting TC_001AccountRegistration****
13:37:25.800 [main] INFO  testCases.TC_001AccountRegistrationTest - ****providing details****
13:37:26.702 [main] INFO  testCases.TC_001AccountRegistrationTest - ****waiting****
13:37:31.018 [main] ERROR testCases.TC_001AccountRegistrationTest - Test Failed
13:37:31.022 [main] DEBUG testCases.TC_001AccountRegistrationTest - Debug logs..
13:37:41.168 [main] INFO  testCases.TC_001AccountRegistrationTest - ****starting TC_001AccountRegistration****
13:37:41.388 [main] INFO  testCases.TC_001AccountRegistrationTest - ****providing details****
13:37:41.482 [main] INFO  testCases.TC_001AccountRegistrationTest - ****waiting****
13:37:45.095 [main] INFO  testCases.TC_001AccountRegistrationTest - ****validating exp message****
13:37:47.096 [main] INFO  testCases.TC_001AccountRegistrationTest - Finished TC_001
13:41:29.103 [main] INFO  testCases.TC_001AccountRegistrationTest - ****starting TC_001AccountRegistration****
13:41:29.882 [main] INFO  testCases.TC_001AccountRegistrationTest - ****providing details****
13:41:31.197 [main] INFO  testCases.TC_001AccountRegistrationTest - ****waiting****
13:41:34.639 [main] INFO  testCases.TC_001AccountRegistrationTest - ****validating exp message****
13:41:36.430 [main] INFO  testCases.TC_001AccountRegistrationTest - Finished TC_001
13:41:42.321 [main] INFO  testCases.TC_001AccountRegistrationTest - ****starting TC_001AccountRegistration****
13:41:42.756 [main] INFO  testCases.TC_001AccountRegistrationTest - ****providing details****
13:41:43.167 [main] INFO  testCases.TC_001AccountRegistrationTest - ****waiting****
13:41:47.353 [main] ERROR testCases.TC_001AccountRegistrationTest - Test Failed
13:41:57.270 [main] INFO  testCases.TC_001AccountRegistrationTest - ****starting TC_001AccountRegistration****
13:41:57.455 [main] INFO  testCases.TC_001AccountRegistrationTest - ****providing details****
13:41:57.567 [main] INFO  testCases.TC_001AccountRegistrationTest - ****waiting****
13:42:01.823 [main] INFO  testCases.TC_001AccountRegistrationTest - ****validating exp message****
13:46:19.653 [main] INFO  testCases.TC_001AccountRegistrationTest - ****starting TC_001AccountRegistration****
13:46:19.653 [main] INFO  testCases.TC_001AccountRegistrationTest - ****starting TC_001AccountRegistration****
13:46:20.483 [main] INFO  testCases.TC_001AccountRegistrationTest - ****providing details****
13:46:20.483 [main] INFO  testCases.TC_001AccountRegistrationTest - ****providing details****
13:46:21.618 [main] INFO  testCases.TC_001AccountRegistrationTest - ****waiting****
13:46:21.618 [main] INFO  testCases.TC_001AccountRegistrationTest - ****waiting****
13:46:25.052 [main] INFO  testCases.TC_001AccountRegistrationTest - ****validating exp message****
13:46:25.052 [main] INFO  testCases.TC_001AccountRegistrationTest - ****validating exp message****
13:46:26.610 [main] INFO  testCases.TC_001AccountRegistrationTest - Finished TC_001
13:46:26.610 [main] INFO  testCases.TC_001AccountRegistrationTest - Finished TC_001
13:46:32.779 [main] INFO  testCases.TC_001AccountRegistrationTest - ****starting TC_001AccountRegistration****
13:46:32.779 [main] INFO  testCases.TC_001AccountRegistrationTest - ****starting TC_001AccountRegistration****
13:46:33.317 [main] INFO  testCases.TC_001AccountRegistrationTest - ****providing details****
13:46:33.317 [main] INFO  testCases.TC_001AccountRegistrationTest - ****providing details****
13:46:33.996 [main] INFO  testCases.TC_001AccountRegistrationTest - ****waiting****
13:46:33.996 [main] INFO  testCases.TC_001AccountRegistrationTest - ****waiting****
13:46:38.714 [main] INFO  testCases.TC_001AccountRegistrationTest - ****validating exp message****
13:46:38.714 [main] INFO  testCases.TC_001AccountRegistrationTest - ****validating exp message****
13:47:00.558 [main] INFO  testCases.TC_001AccountRegistrationTest - ****starting TC_001AccountRegistration****
13:47:00.558 [main] INFO  testCases.TC_001AccountRegistrationTest - ****starting TC_001AccountRegistration****
13:47:01.097 [main] INFO  testCases.TC_001AccountRegistrationTest - ****providing details****
13:47:01.097 [main] INFO  testCases.TC_001AccountRegistrationTest - ****providing details****
13:47:01.254 [main] INFO  testCases.TC_001AccountRegistrationTest - ****waiting****
13:47:01.254 [main] INFO  testCases.TC_001AccountRegistrationTest - ****waiting****
13:47:04.855 [main] INFO  testCases.TC_001AccountRegistrationTest - ****validating exp message****
13:47:04.855 [main] INFO  testCases.TC_001AccountRegistrationTest - ****validating exp message****
13:47:06.111 [main] INFO  testCases.TC_001AccountRegistrationTest - Finished TC_001
13:47:06.111 [main] INFO  testCases.TC_001AccountRegistrationTest - Finished TC_001
13:48:38.193 [main] INFO  testCases.TC_001AccountRegistrationTest - ****starting TC_001AccountRegistration****
13:48:38.807 [main] INFO  testCases.TC_001AccountRegistrationTest - ****providing details****
13:48:39.573 [main] INFO  testCases.TC_001AccountRegistrationTest - ****waiting****
13:48:43.007 [main] INFO  testCases.TC_001AccountRegistrationTest - ****validating exp message****
13:48:44.708 [main] INFO  testCases.TC_001AccountRegistrationTest - Finished TC_001
13:48:49.348 [main] INFO  testCases.TC_001AccountRegistrationTest - ****starting TC_001AccountRegistration****
13:48:49.839 [main] INFO  testCases.TC_001AccountRegistrationTest - ****providing details****
13:48:50.691 [main] INFO  testCases.TC_001AccountRegistrationTest - ****waiting****
13:48:54.878 [main] ERROR testCases.TC_001AccountRegistrationTest - Test Failed
13:49:05.124 [main] INFO  testCases.TC_001AccountRegistrationTest - ****starting TC_001AccountRegistration****
13:49:05.347 [main] INFO  testCases.TC_001AccountRegistrationTest - ****providing details****
13:49:05.458 [main] INFO  testCases.TC_001AccountRegistrationTest - ****waiting****
13:49:09.051 [main] INFO  testCases.TC_001AccountRegistrationTest - ****validating exp message****
13:49:43.148 [main] INFO  testCases.TC_001AccountRegistrationTest - ****starting TC_001AccountRegistration****
13:49:43.829 [main] INFO  testCases.TC_001AccountRegistrationTest - ****providing details****
13:49:44.656 [main] INFO  testCases.TC_001AccountRegistrationTest - ****waiting****
13:49:48.996 [main] ERROR testCases.TC_001AccountRegistrationTest - Test Failed
13:49:54.383 [main] INFO  testCases.TC_001AccountRegistrationTest - ****starting TC_001AccountRegistration****
13:49:54.832 [main] INFO  testCases.TC_001AccountRegistrationTest - ****providing details****
13:49:55.540 [main] INFO  testCases.TC_001AccountRegistrationTest - ****waiting****
13:49:59.809 [main] ERROR testCases.TC_001AccountRegistrationTest - Test Failed
13:50:10.200 [main] INFO  testCases.TC_001AccountRegistrationTest - ****starting TC_001AccountRegistration****
13:50:10.412 [main] INFO  testCases.TC_001AccountRegistrationTest - ****providing details****
13:50:10.519 [main] INFO  testCases.TC_001AccountRegistrationTest - ****waiting****
13:50:14.112 [main] INFO  testCases.TC_001AccountRegistrationTest - ****validating exp message****
13:50:15.365 [main] INFO  testCases.TC_001AccountRegistrationTest - Finished TC_001
13:51:17.796 [main] INFO  testCases.TC_001AccountRegistrationTest - ****starting TC_001AccountRegistration****
13:51:18.659 [main] INFO  testCases.TC_001AccountRegistrationTest - ****providing details****
13:51:19.972 [main] INFO  testCases.TC_001AccountRegistrationTest - ****waiting****
13:51:23.398 [main] INFO  testCases.TC_001AccountRegistrationTest - ****validating exp message****
13:51:30.891 [main] INFO  testCases.TC_001AccountRegistrationTest - Finished TC_001
13:51:37.287 [main] INFO  testCases.TC_001AccountRegistrationTest - ****starting TC_001AccountRegistration****
13:51:37.694 [main] INFO  testCases.TC_001AccountRegistrationTest - ****providing details****
13:51:38.069 [main] INFO  testCases.TC_001AccountRegistrationTest - ****waiting****
13:51:42.254 [main] ERROR testCases.TC_001AccountRegistrationTest - Test Failed
13:51:51.895 [main] INFO  testCases.TC_001AccountRegistrationTest - ****starting TC_001AccountRegistration****
13:51:52.089 [main] INFO  testCases.TC_001AccountRegistrationTest - ****providing details****
13:51:52.187 [main] INFO  testCases.TC_001AccountRegistrationTest - ****waiting****
13:51:55.804 [main] INFO  testCases.TC_001AccountRegistrationTest - ****validating exp message****
13:52:04.770 [main] INFO  testCases.TC_001AccountRegistrationTest - Finished TC_001
13:58:00.780 [main] INFO  testCases.TC_001AccountRegistrationTest - ****starting TC_001AccountRegistration****
13:58:01.782 [main] INFO  testCases.TC_001AccountRegistrationTest - ****providing details****
13:58:03.245 [main] INFO  testCases.TC_001AccountRegistrationTest - ****waiting****
13:58:06.691 [main] INFO  testCases.TC_001AccountRegistrationTest - ****validating exp message****
13:58:08.016 [main] INFO  testCases.TC_001AccountRegistrationTest - Finished TC_001
13:58:15.050 [main] INFO  testCases.TC_001AccountRegistrationTest - ****starting TC_001AccountRegistration****
13:58:15.907 [main] INFO  testCases.TC_001AccountRegistrationTest - ****providing details****
13:58:16.486 [main] INFO  testCases.TC_001AccountRegistrationTest - ****waiting****
13:58:22.318 [main] INFO  testCases.TC_001AccountRegistrationTest - ****validating exp message****
13:58:44.163 [main] INFO  testCases.TC_001AccountRegistrationTest - ****starting TC_001AccountRegistration****
13:58:44.365 [main] INFO  testCases.TC_001AccountRegistrationTest - ****providing details****
13:58:44.452 [main] INFO  testCases.TC_001AccountRegistrationTest - ****waiting****
13:58:48.055 [main] INFO  testCases.TC_001AccountRegistrationTest - ****validating exp message****
14:01:05.899 [main] INFO  testCases.TC_001AccountRegistrationTest - ****starting TC_001AccountRegistration****
14:01:06.706 [main] INFO  testCases.TC_001AccountRegistrationTest - ****providing details****
14:01:08.082 [main] INFO  testCases.TC_001AccountRegistrationTest - ****waiting****
14:01:11.526 [main] INFO  testCases.TC_001AccountRegistrationTest - ****validating exp message****
14:01:13.276 [main] INFO  testCases.TC_001AccountRegistrationTest - Finished TC_001
14:01:22.066 [main] INFO  testCases.TC_001AccountRegistrationTest - ****starting TC_001AccountRegistration****
14:01:22.756 [main] INFO  testCases.TC_001AccountRegistrationTest - ****providing details****
14:01:23.418 [main] INFO  testCases.TC_001AccountRegistrationTest - ****waiting****
14:01:27.550 [main] INFO  testCases.TC_001AccountRegistrationTest - ****validating exp message****
14:01:49.664 [main] INFO  testCases.TC_001AccountRegistrationTest - ****starting TC_001AccountRegistration****
14:01:49.881 [main] INFO  testCases.TC_001AccountRegistrationTest - ****providing details****
14:01:49.983 [main] INFO  testCases.TC_001AccountRegistrationTest - ****waiting****
14:01:53.647 [main] INFO  testCases.TC_001AccountRegistrationTest - ****validating exp message****
14:01:55.254 [main] INFO  testCases.TC_001AccountRegistrationTest - Finished TC_001
14:02:22.582 [main] INFO  testCases.TC_001AccountRegistrationTest - ****starting TC_001AccountRegistration****
14:02:23.410 [main] INFO  testCases.TC_001AccountRegistrationTest - ****providing details****
14:02:24.688 [main] INFO  testCases.TC_001AccountRegistrationTest - ****waiting****
14:02:30.448 [main] INFO  testCases.TC_001AccountRegistrationTest - ****validating exp message****
14:02:47.841 [main] INFO  testCases.TC_001AccountRegistrationTest - ****starting TC_001AccountRegistration****
14:02:48.394 [main] INFO  testCases.TC_001AccountRegistrationTest - ****providing details****
14:02:49.017 [main] INFO  testCases.TC_001AccountRegistrationTest - ****waiting****
14:02:52.326 [main] INFO  testCases.TC_001AccountRegistrationTest - ****validating exp message****
14:02:58.073 [main] INFO  testCases.TC_001AccountRegistrationTest - Finished TC_001
14:03:11.571 [main] INFO  testCases.TC_001AccountRegistrationTest - ****starting TC_001AccountRegistration****
14:03:11.809 [main] INFO  testCases.TC_001AccountRegistrationTest - ****providing details****
14:03:11.921 [main] INFO  testCases.TC_001AccountRegistrationTest - ****waiting****
14:03:15.982 [main] INFO  testCases.TC_001AccountRegistrationTest - ****validating exp message****
14:56:57.341 [main] INFO  testCases.TC_001AccountRegistrationTest - ****starting TC_001AccountRegistration****
14:56:58.189 [main] INFO  testCases.TC_001AccountRegistrationTest - ****providing details****
14:56:59.077 [main] INFO  testCases.TC_001AccountRegistrationTest - ****waiting****
14:57:02.570 [main] INFO  testCases.TC_001AccountRegistrationTest - ****validating exp message****
14:57:08.063 [main] INFO  testCases.TC_001AccountRegistrationTest - Finished TC_001
14:57:16.347 [main] INFO  testCases.TC_001AccountRegistrationTest - ****starting TC_001AccountRegistration****
14:57:17.018 [main] INFO  testCases.TC_001AccountRegistrationTest - ****providing details****
14:57:17.798 [main] INFO  testCases.TC_001AccountRegistrationTest - ****waiting****
14:57:22.928 [main] INFO  testCases.TC_001AccountRegistrationTest - ****validating exp message****
14:57:43.880 [main] INFO  testCases.TC_001AccountRegistrationTest - ****starting TC_001AccountRegistration****
14:57:44.132 [main] INFO  testCases.TC_001AccountRegistrationTest - ****providing details****
14:57:44.266 [main] INFO  testCases.TC_001AccountRegistrationTest - ****waiting****
14:57:47.861 [main] INFO  testCases.TC_001AccountRegistrationTest - ****validating exp message****
14:57:54.003 [main] INFO  testCases.TC_001AccountRegistrationTest - Finished TC_001
14:58:16.033 [main] INFO  testCases.TC_001AccountRegistrationTest - ****starting TC_001AccountRegistration****
14:58:17.093 [main] INFO  testCases.TC_001AccountRegistrationTest - ****providing details****
14:58:18.798 [main] INFO  testCases.TC_001AccountRegistrationTest - ****waiting****
14:58:22.172 [main] INFO  testCases.TC_001AccountRegistrationTest - ****validating exp message****
14:58:23.684 [main] INFO  testCases.TC_001AccountRegistrationTest - Finished TC_001
14:58:34.127 [main] INFO  testCases.TC_001AccountRegistrationTest - ****starting TC_001AccountRegistration****
14:58:34.914 [main] INFO  testCases.TC_001AccountRegistrationTest - ****providing details****
14:58:35.502 [main] INFO  testCases.TC_001AccountRegistrationTest - ****waiting****
14:58:39.951 [main] INFO  testCases.TC_001AccountRegistrationTest - ****validating exp message****
14:58:59.927 [main] INFO  testCases.TC_001AccountRegistrationTest - ****starting TC_001AccountRegistration****
14:59:00.116 [main] INFO  testCases.TC_001AccountRegistrationTest - ****providing details****
14:59:00.208 [main] INFO  testCases.TC_001AccountRegistrationTest - ****waiting****
14:59:03.855 [main] INFO  testCases.TC_001AccountRegistrationTest - ****validating exp message****
14:59:05.385 [main] INFO  testCases.TC_001AccountRegistrationTest - Finished TC_001
15:02:01.940 [TestNG-tests-1] INFO  testCases.TC_001AccountRegistrationTest - ****starting TC_001AccountRegistration****
15:02:02.445 [TestNG-tests-1] INFO  testCases.TC_001AccountRegistrationTest - ****providing details****
15:02:02.711 [TestNG-tests-1] INFO  testCases.TC_001AccountRegistrationTest - ****waiting****
15:02:04.594 [TestNG-tests-2] INFO  testCases.TC_001AccountRegistrationTest - ****starting TC_001AccountRegistration****
15:02:05.319 [TestNG-tests-2] INFO  testCases.TC_001AccountRegistrationTest - ****providing details****
15:02:06.010 [TestNG-tests-2] INFO  testCases.TC_001AccountRegistrationTest - ****waiting****
15:02:10.368 [TestNG-tests-2] ERROR testCases.TC_001AccountRegistrationTest - Test Failed
15:02:10.764 [TestNG-tests-3] INFO  testCases.TC_001AccountRegistrationTest - ****starting TC_001AccountRegistration****
15:02:18.126 [TestNG-tests-1] INFO  testCases.TC_001AccountRegistrationTest - ****validating exp message****
15:02:20.837 [TestNG-tests-3] ERROR testCases.TC_001AccountRegistrationTest - Test Failed
15:02:47.001 [TestNG-tests-1] INFO  testCases.TC_001AccountRegistrationTest - ****starting TC_001AccountRegistration****
15:02:47.338 [TestNG-tests-1] INFO  testCases.TC_001AccountRegistrationTest - ****providing details****
15:02:47.669 [TestNG-tests-1] INFO  testCases.TC_001AccountRegistrationTest - ****waiting****
15:02:48.698 [TestNG-tests-2] INFO  testCases.TC_001AccountRegistrationTest - ****starting TC_001AccountRegistration****
15:02:49.282 [TestNG-tests-2] INFO  testCases.TC_001AccountRegistrationTest - ****providing details****
15:02:49.737 [TestNG-tests-2] INFO  testCases.TC_001AccountRegistrationTest - ****waiting****
15:02:53.967 [TestNG-tests-2] ERROR testCases.TC_001AccountRegistrationTest - Test Failed
15:02:56.308 [TestNG-tests-3] INFO  testCases.TC_001AccountRegistrationTest - ****starting TC_001AccountRegistration****
15:02:56.551 [TestNG-tests-1] INFO  testCases.TC_001AccountRegistrationTest - ****validating exp message****
15:02:56.732 [TestNG-tests-3] INFO  testCases.TC_001AccountRegistrationTest - ****providing details****
15:02:56.894 [TestNG-tests-3] INFO  testCases.TC_001AccountRegistrationTest - ****waiting****
15:03:01.279 [TestNG-tests-3] INFO  testCases.TC_001AccountRegistrationTest - ****validating exp message****
15:04:15.353 [TestNG-tests-2] INFO  testCases.TC_001AccountRegistrationTest - ****starting TC_001AccountRegistration****
15:04:16.197 [TestNG-tests-2] INFO  testCases.TC_001AccountRegistrationTest - ****providing details****
15:04:16.569 [TestNG-tests-2] INFO  testCases.TC_001AccountRegistrationTest - ****waiting****
15:04:16.598 [TestNG-tests-1] INFO  testCases.TC_001AccountRegistrationTest - ****starting TC_001AccountRegistration****
15:04:16.952 [TestNG-tests-1] INFO  testCases.TC_001AccountRegistrationTest - ****providing details****
15:04:17.276 [TestNG-tests-1] INFO  testCases.TC_001AccountRegistrationTest - ****waiting****
15:04:20.084 [TestNG-tests-3] INFO  testCases.TC_001AccountRegistrationTest - ****starting TC_001AccountRegistration****
15:04:21.532 [TestNG-tests-1] ERROR testCases.TC_001AccountRegistrationTest - Test Failed
15:04:24.485 [TestNG-tests-2] INFO  testCases.TC_001AccountRegistrationTest - ****validating exp message****
15:04:30.180 [TestNG-tests-3] ERROR testCases.TC_001AccountRegistrationTest - Test Failed
15:05:58.604 [TestNG-tests-2] INFO  testCases.TC_001AccountRegistrationTest - ****starting TC_001AccountRegistration****
15:05:58.604 [TestNG-tests-1] INFO  testCases.TC_001AccountRegistrationTest - ****starting TC_001AccountRegistration****
15:05:58.977 [TestNG-tests-1] INFO  testCases.TC_001AccountRegistrationTest - ****providing details****
15:05:59.012 [TestNG-tests-2] INFO  testCases.TC_001AccountRegistrationTest - ****providing details****
15:05:59.482 [TestNG-tests-1] INFO  testCases.TC_001AccountRegistrationTest - ****waiting****
15:05:59.575 [TestNG-tests-2] INFO  testCases.TC_001AccountRegistrationTest - ****waiting****
15:06:03.718 [TestNG-tests-1] ERROR testCases.TC_001AccountRegistrationTest - Test Failed
15:06:04.288 [TestNG-tests-2] INFO  testCases.TC_001AccountRegistrationTest - ****validating exp message****
15:06:08.201 [TestNG-tests-3] INFO  testCases.TC_001AccountRegistrationTest - ****starting TC_001AccountRegistration****
15:06:08.670 [TestNG-tests-3] INFO  testCases.TC_001AccountRegistrationTest - ****providing details****
15:06:08.964 [TestNG-tests-3] INFO  testCases.TC_001AccountRegistrationTest - ****waiting****
15:06:13.336 [TestNG-tests-3] INFO  testCases.TC_001AccountRegistrationTest - ****validating exp message****
15:06:44.012 [TestNG-tests-1] INFO  testCases.TC_001AccountRegistrationTest - ****starting TC_001AccountRegistration****
15:06:44.439 [TestNG-tests-1] INFO  testCases.TC_001AccountRegistrationTest - ****providing details****
15:06:44.701 [TestNG-tests-2] INFO  testCases.TC_001AccountRegistrationTest - ****starting TC_001AccountRegistration****
15:06:44.819 [TestNG-tests-1] INFO  testCases.TC_001AccountRegistrationTest - ****waiting****
15:06:45.103 [TestNG-tests-2] INFO  testCases.TC_001AccountRegistrationTest - ****providing details****
15:06:45.371 [TestNG-tests-2] INFO  testCases.TC_001AccountRegistrationTest - ****waiting****
15:06:49.098 [TestNG-tests-3] INFO  testCases.TC_001AccountRegistrationTest - ****starting TC_001AccountRegistration****
15:06:49.586 [TestNG-tests-2] ERROR testCases.TC_001AccountRegistrationTest - Test Failed
15:06:53.303 [TestNG-tests-1] INFO  testCases.TC_001AccountRegistrationTest - ****validating exp message****
15:06:59.163 [TestNG-tests-3] ERROR testCases.TC_001AccountRegistrationTest - Test Failed
15:07:23.481 [TestNG-tests-1] INFO  testCases.TC_001AccountRegistrationTest - ****starting TC_001AccountRegistration****
15:07:23.740 [TestNG-tests-2] INFO  testCases.TC_001AccountRegistrationTest - ****starting TC_001AccountRegistration****
15:07:24.141 [TestNG-tests-2] INFO  testCases.TC_001AccountRegistrationTest - ****providing details****
15:07:24.343 [TestNG-tests-1] INFO  testCases.TC_001AccountRegistrationTest - ****providing details****
15:07:24.495 [TestNG-tests-2] INFO  testCases.TC_001AccountRegistrationTest - ****waiting****
15:07:24.629 [TestNG-tests-1] INFO  testCases.TC_001AccountRegistrationTest - ****waiting****
15:07:28.732 [TestNG-tests-2] ERROR testCases.TC_001AccountRegistrationTest - Test Failed
15:07:29.316 [TestNG-tests-3] INFO  testCases.TC_001AccountRegistrationTest - ****starting TC_001AccountRegistration****
15:07:29.636 [TestNG-tests-3] INFO  testCases.TC_001AccountRegistrationTest - ****providing details****
15:07:29.805 [TestNG-tests-3] INFO  testCases.TC_001AccountRegistrationTest - ****waiting****
15:07:29.884 [TestNG-tests-1] INFO  testCases.TC_001AccountRegistrationTest - ****validating exp message****
15:07:33.423 [TestNG-tests-3] INFO  testCases.TC_001AccountRegistrationTest - ****validating exp message****
15:07:35.010 [TestNG-tests-3] INFO  testCases.TC_001AccountRegistrationTest - Finished TC_001
15:08:03.389 [TestNG-tests-1] INFO  testCases.TC_001AccountRegistrationTest - ****starting TC_001AccountRegistration****
15:08:03.799 [TestNG-tests-2] INFO  testCases.TC_001AccountRegistrationTest - ****starting TC_001AccountRegistration****
15:08:04.203 [TestNG-tests-1] INFO  testCases.TC_001AccountRegistrationTest - ****providing details****
15:08:04.299 [TestNG-tests-2] INFO  testCases.TC_001AccountRegistrationTest - ****providing details****
15:08:04.517 [TestNG-tests-1] INFO  testCases.TC_001AccountRegistrationTest - ****waiting****
15:08:04.862 [TestNG-tests-2] INFO  testCases.TC_001AccountRegistrationTest - ****waiting****
15:08:07.526 [TestNG-tests-3] INFO  testCases.TC_001AccountRegistrationTest - ****starting TC_001AccountRegistration****
15:08:09.060 [TestNG-tests-2] ERROR testCases.TC_001AccountRegistrationTest - Test Failed
15:08:12.788 [TestNG-tests-1] INFO  testCases.TC_001AccountRegistrationTest - ****validating exp message****
15:08:16.087 [TestNG-tests-3] INFO  testCases.TC_001AccountRegistrationTest - ****providing details****
15:08:16.262 [TestNG-tests-3] INFO  testCases.TC_001AccountRegistrationTest - ****waiting****
15:08:20.447 [TestNG-tests-3] INFO  testCases.TC_001AccountRegistrationTest - ****validating exp message****
15:09:10.306 [TestNG-tests-1] INFO  testCases.TC_001AccountRegistrationTest - ****starting TC_001AccountRegistration****
15:09:11.464 [TestNG-tests-1] INFO  testCases.TC_001AccountRegistrationTest - ****providing details****
15:09:12.025 [TestNG-tests-1] INFO  testCases.TC_001AccountRegistrationTest - ****waiting****
15:09:13.611 [TestNG-tests-3] INFO  testCases.TC_001AccountRegistrationTest - ****starting TC_001AccountRegistration****
15:09:15.486 [TestNG-tests-2] INFO  testCases.TC_001AccountRegistrationTest - ****starting TC_001AccountRegistration****
15:09:16.172 [TestNG-tests-2] INFO  testCases.TC_001AccountRegistrationTest - ****providing details****
15:09:16.262 [TestNG-tests-1] ERROR testCases.TC_001AccountRegistrationTest - Test Failed
15:09:17.385 [TestNG-tests-2] INFO  testCases.TC_001AccountRegistrationTest - ****waiting****
15:09:21.631 [TestNG-tests-2] ERROR testCases.TC_001AccountRegistrationTest - Test Failed
15:09:24.835 [TestNG-tests-3] INFO  testCases.TC_001AccountRegistrationTest - ****providing details****
15:09:24.972 [TestNG-tests-3] INFO  testCases.TC_001AccountRegistrationTest - ****waiting****
15:09:28.016 [TestNG-tests-3] ERROR testCases.TC_001AccountRegistrationTest - Test Failed
15:09:58.232 [TestNG-tests-1] INFO  testCases.TC_001AccountRegistrationTest - ****starting TC_001AccountRegistration****
15:09:58.732 [TestNG-tests-1] INFO  testCases.TC_001AccountRegistrationTest - ****providing details****
15:09:59.005 [TestNG-tests-1] INFO  testCases.TC_001AccountRegistrationTest - ****waiting****
15:09:59.524 [TestNG-tests-2] INFO  testCases.TC_001AccountRegistrationTest - ****starting TC_001AccountRegistration****
15:09:59.903 [TestNG-tests-2] INFO  testCases.TC_001AccountRegistrationTest - ****providing details****
15:10:00.299 [TestNG-tests-2] INFO  testCases.TC_001AccountRegistrationTest - ****waiting****
15:10:03.807 [TestNG-tests-2] INFO  testCases.TC_001AccountRegistrationTest - ****validating exp message****
15:10:05.890 [TestNG-tests-1] INFO  testCases.TC_001AccountRegistrationTest - ****validating exp message****
15:10:06.291 [TestNG-tests-3] INFO  testCases.TC_001AccountRegistrationTest - ****starting TC_001AccountRegistration****
15:10:06.479 [TestNG-tests-3] INFO  testCases.TC_001AccountRegistrationTest - ****providing details****
15:10:06.581 [TestNG-tests-3] INFO  testCases.TC_001AccountRegistrationTest - ****waiting****
15:10:06.774 [TestNG-tests-2] INFO  testCases.TC_001AccountRegistrationTest - Finished TC_001
15:10:11.236 [TestNG-tests-3] INFO  testCases.TC_001AccountRegistrationTest - ****validating exp message****
16:10:01.065 [main] INFO  testCases.TC_001AccountRegistrationTest - ****starting TC_001AccountRegistration****
16:10:01.948 [main] INFO  testCases.TC_001AccountRegistrationTest - ****providing details****
16:10:03.182 [main] INFO  testCases.TC_001AccountRegistrationTest - ****waiting****
16:10:06.626 [main] INFO  testCases.TC_001AccountRegistrationTest - ****validating exp message****
16:10:08.003 [main] INFO  testCases.TC_001AccountRegistrationTest - Finished TC_001
16:11:25.545 [main] INFO  testCases.TC_001AccountRegistrationTest - ****starting TC_001AccountRegistration****
16:11:26.334 [main] INFO  testCases.TC_001AccountRegistrationTest - ****providing details****
16:11:27.628 [main] INFO  testCases.TC_001AccountRegistrationTest - ****waiting****
16:11:31.080 [main] INFO  testCases.TC_001AccountRegistrationTest - ****validating exp message****
18:24:57.409 [main] ERROR testCases.TC_001AccountRegistrationTest - Test Failed
18:27:27.077 [main] ERROR testCases.TC_001AccountRegistrationTest - Test Failed
18:31:16.978 [main] INFO  testCases.TC_001AccountRegistrationTest - ****starting TC_001AccountRegistration****
18:31:17.863 [main] INFO  testCases.TC_001AccountRegistrationTest - ****providing details****
18:31:18.728 [main] INFO  testCases.TC_001AccountRegistrationTest - ****waiting****
18:31:22.181 [main] INFO  testCases.TC_001AccountRegistrationTest - ****validating exp message****
18:31:23.704 [main] INFO  testCases.TC_001AccountRegistrationTest - Finished TC_001
18:32:36.650 [main] INFO  testCases.TC_001AccountRegistrationTest - ****starting TC_001AccountRegistration****
18:32:37.242 [main] INFO  testCases.TC_001AccountRegistrationTest - ****providing details****
18:32:38.505 [main] INFO  testCases.TC_001AccountRegistrationTest - ****waiting****
18:32:41.939 [main] INFO  testCases.TC_001AccountRegistrationTest - ****validating exp message****
18:32:43.410 [main] INFO  testCases.TC_001AccountRegistrationTest - Finished TC_001
18:33:57.921 [main] INFO  testCases.TC_001AccountRegistrationTest - ****starting TC_001AccountRegistration****
18:33:58.879 [main] INFO  testCases.TC_001AccountRegistrationTest - ****providing details****
18:34:00.252 [main] INFO  testCases.TC_001AccountRegistrationTest - ****waiting****
18:34:03.679 [main] INFO  testCases.TC_001AccountRegistrationTest - ****validating exp message****
18:34:06.536 [main] INFO  testCases.TC_001AccountRegistrationTest - Finished TC_001
18:36:05.303 [main] INFO  testCases.TC_001AccountRegistrationTest - ****starting TC_001AccountRegistration****
18:36:05.912 [main] INFO  testCases.TC_001AccountRegistrationTest - ****providing details****
18:36:07.360 [main] INFO  testCases.TC_001AccountRegistrationTest - ****waiting****
18:36:10.796 [main] INFO  testCases.TC_001AccountRegistrationTest - ****validating exp message****
18:36:12.395 [main] INFO  testCases.TC_001AccountRegistrationTest - Finished TC_001
18:40:37.857 [main] ERROR testCases.TC_001AccountRegistrationTest - Test Failed
18:41:30.683 [main] ERROR testCases.TC_001AccountRegistrationTest - Test Failed
18:42:02.809 [main] INFO  testCases.TC_001AccountRegistrationTest - ****starting TC_001AccountRegistration****
18:42:03.217 [main] INFO  testCases.TC_001AccountRegistrationTest - ****providing details****
18:42:03.708 [main] INFO  testCases.TC_001AccountRegistrationTest - ****waiting****
18:42:07.203 [main] INFO  testCases.TC_001AccountRegistrationTest - ****validating exp message****
18:42:08.777 [main] INFO  testCases.TC_001AccountRegistrationTest - Finished TC_001
18:42:46.428 [main] ERROR testCases.TC_001AccountRegistrationTest - Test Failed
18:43:14.954 [main] ERROR testCases.TC_001AccountRegistrationTest - Test Failed
18:43:51.437 [main] ERROR testCases.TC_001AccountRegistrationTest - Test Failed
18:44:24.079 [main] INFO  testCases.TC_001AccountRegistrationTest - ****starting TC_001AccountRegistration****
18:44:24.629 [main] INFO  testCases.TC_001AccountRegistrationTest - ****providing details****
18:44:25.524 [main] INFO  testCases.TC_001AccountRegistrationTest - ****waiting****
18:44:29.064 [main] INFO  testCases.TC_001AccountRegistrationTest - ****validating exp message****
18:44:30.799 [main] INFO  testCases.TC_001AccountRegistrationTest - Finished TC_001
18:49:29.735 [main] ERROR testCases.TC_001AccountRegistrationTest - Test Failed
18:50:06.303 [main] ERROR testCases.TC_001AccountRegistrationTest - Test Failed
18:54:26.389 [main] ERROR testCases.TC_001AccountRegistrationTest - Test Failed
18:56:33.023 [main] ERROR testCases.TC_001AccountRegistrationTest - Test Failed
19:16:40.864 [main] ERROR testCases.TC_001AccountRegistrationTest - Test Failed
19:18:34.477 [main] ERROR testCases.TC_001AccountRegistrationTest - Test Failed
19:19:59.131 [main] ERROR testCases.TC_001AccountRegistrationTest - Test Failed
19:21:12.904 [main] ERROR testCases.TC_001AccountRegistrationTest - Test Failed
19:21:35.070 [main] INFO  testCases.TC_001AccountRegistrationTest - ****starting TC_001AccountRegistration****
19:21:35.952 [main] INFO  testCases.TC_001AccountRegistrationTest - ****providing details****
19:21:37.299 [main] INFO  testCases.TC_001AccountRegistrationTest - ****waiting****
19:21:40.722 [main] INFO  testCases.TC_001AccountRegistrationTest - ****validating exp message****
19:21:42.688 [main] INFO  testCases.TC_001AccountRegistrationTest - Finished TC_001
20:51:09.884 [main] ERROR testCases.TC_001AccountRegistrationTest - Test Failed
20:51:43.985 [main] ERROR testCases.TC_001AccountRegistrationTest - Test Failed
20:53:22.098 [main] INFO  testCases.TC_001AccountRegistrationTest - ****starting TC_001AccountRegistration****
20:53:22.177 [main] ERROR testCases.TC_001AccountRegistrationTest - Test Failed
07:34:09.932 [main] ERROR testCases.TC_001AccountRegistrationTest - Test Failed
07:34:50.763 [main] ERROR testCases.TC_001AccountRegistrationTest - Test Failed
07:35:20.174 [main] ERROR testCases.TC_001AccountRegistrationTest - Test Failed
07:39:06.592 [main] ERROR testCases.TC_001AccountRegistrationTest - Test Failed
07:39:51.609 [main] ERROR testCases.TC_001AccountRegistrationTest - Test Failed
07:40:33.338 [main] ERROR testCases.TC_001AccountRegistrationTest - Test Failed
07:41:19.124 [main] ERROR testCases.TC_001AccountRegistrationTest - Test Failed
07:43:53.247 [main] ERROR testCases.TC_001AccountRegistrationTest - Test Failed
07:44:30.175 [main] ERROR testCases.TC_001AccountRegistrationTest - Test Failed
07:53:17.647 [main] INFO  testCases.TC_001AccountRegistrationTest - ****starting TC_001AccountRegistration****
07:56:16.760 [main] INFO  testCases.TC_001AccountRegistrationTest - ****starting TC_001AccountRegistration****
08:06:47.260 [main] INFO  testCases.TC_001AccountRegistrationTest - ****starting TC_001AccountRegistration****
08:07:23.167 [main] INFO  testCases.TC_001AccountRegistrationTest - ****starting TC_001AccountRegistration****
08:07:51.624 [main] INFO  testCases.TC_001AccountRegistrationTest - ****starting TC_001AccountRegistration****
08:09:38.223 [main] INFO  testCases.TC_001AccountRegistrationTest - ****starting TC_001AccountRegistration****
08:09:55.783 [main] INFO  testCases.TC_001AccountRegistrationTest - ****providing details****
08:09:56.531 [main] INFO  testCases.TC_001AccountRegistrationTest - ****waiting****
08:10:19.109 [main] INFO  testCases.TC_001AccountRegistrationTest - ****starting TC_001AccountRegistration****
08:10:36.925 [main] INFO  testCases.TC_001AccountRegistrationTest - ****providing details****
08:10:38.256 [main] INFO  testCases.TC_001AccountRegistrationTest - ****waiting****
08:10:41.724 [main] INFO  testCases.TC_001AccountRegistrationTest - ****validating exp message****
08:10:42.782 [main] INFO  testCases.TC_001AccountRegistrationTest - Finished TC_001
08:11:12.235 [TestNG-tests-1] INFO  testCases.TC_001AccountRegistrationTest - ****starting TC_001AccountRegistration****
08:11:12.807 [TestNG-tests-2] INFO  testCases.TC_001AccountRegistrationTest - ****starting TC_001AccountRegistration****
08:11:17.247 [TestNG-tests-3] INFO  testCases.TC_001AccountRegistrationTest - ****starting TC_001AccountRegistration****
08:12:27.899 [TestNG-tests-2] INFO  testCases.TC_001AccountRegistrationTest - ****starting TC_001AccountRegistration****
08:12:27.899 [TestNG-tests-1] INFO  testCases.TC_001AccountRegistrationTest - ****starting TC_001AccountRegistration****
08:12:34.690 [TestNG-tests-3] INFO  testCases.TC_001AccountRegistrationTest - ****starting TC_001AccountRegistration****
08:13:20.604 [main] INFO  testCases.TC_001AccountRegistrationTest - ****starting TC_001AccountRegistration****
08:13:37.387 [main] INFO  testCases.TC_001AccountRegistrationTest - ****providing details****
08:13:37.928 [main] INFO  testCases.TC_001AccountRegistrationTest - ****waiting****
08:13:41.392 [main] INFO  testCases.TC_001AccountRegistrationTest - ****validating exp message****
08:13:42.728 [main] INFO  testCases.TC_001AccountRegistrationTest - Finished TC_001
08:14:06.699 [main] INFO  testCases.TC_001AccountRegistrationTest - ****starting TC_001AccountRegistration****
08:15:06.060 [main] INFO  testCases.TC_001AccountRegistrationTest - ****starting TC_001AccountRegistration****
08:15:22.699 [main] INFO  testCases.TC_001AccountRegistrationTest - ****providing details****
08:15:23.592 [main] INFO  testCases.TC_001AccountRegistrationTest - ****waiting****
08:15:27.052 [main] INFO  testCases.TC_001AccountRegistrationTest - ****validating exp message****
08:15:28.292 [main] INFO  testCases.TC_001AccountRegistrationTest - Finished TC_001
08:15:57.749 [main] INFO  testCases.TC_001AccountRegistrationTest - ****starting TC_001AccountRegistration****
08:16:40.111 [main] INFO  testCases.TC_001AccountRegistrationTest - ****starting TC_001AccountRegistration****
08:19:28.543 [main] INFO  testCases.TC_001AccountRegistrationTest - ****starting TC_001AccountRegistration****
08:19:37.653 [main] INFO  testCases.TC_001AccountRegistrationTest - ****providing details****
08:19:38.811 [main] INFO  testCases.TC_001AccountRegistrationTest - ****waiting****
08:19:42.273 [main] INFO  testCases.TC_001AccountRegistrationTest - ****validating exp message****
08:19:43.719 [main] INFO  testCases.TC_001AccountRegistrationTest - Finished TC_001
08:20:29.045 [main] INFO  testCases.TC_001AccountRegistrationTest - ****starting TC_001AccountRegistration****
08:34:18.043 [main] INFO  testCases.TC_001AccountRegistrationTest - ****starting TC_001AccountRegistration****
08:34:26.859 [main] INFO  testCases.TC_001AccountRegistrationTest - ****providing details****
08:34:27.293 [main] INFO  testCases.TC_001AccountRegistrationTest - ****waiting****
08:34:30.753 [main] INFO  testCases.TC_001AccountRegistrationTest - ****validating exp message****
08:34:32.534 [main] INFO  testCases.TC_001AccountRegistrationTest - Finished TC_001
08:37:17.835 [main] INFO  testCases.TC_001AccountRegistrationTest - ****starting TC_001AccountRegistration****
08:37:26.443 [main] INFO  testCases.TC_001AccountRegistrationTest - ****providing details****
08:37:27.124 [main] INFO  testCases.TC_001AccountRegistrationTest - ****waiting****
08:37:30.689 [main] INFO  testCases.TC_001AccountRegistrationTest - ****validating exp message****
08:37:32.009 [main] INFO  testCases.TC_001AccountRegistrationTest - Finished TC_001
10:31:12.900 [main] INFO  testCases.TC_002LoginTest - ****starting TC_001AccountRegistration****
10:32:01.289 [main] INFO  testCases.TC_002LoginTest - ****starting TC_001AccountRegistration****
10:33:33.946 [main] INFO  testCases.TC_002LoginTest - ****starting TC_001AccountRegistration****
10:33:34.776 [main] INFO  testCases.TC_002LoginTest - ****providing details****
10:33:36.349 [main] INFO  testCases.TC_002LoginTest - ****waiting****
10:33:39.840 [main] INFO  testCases.TC_002LoginTest - ****validating exp message****
10:33:41.237 [main] INFO  testCases.TC_002LoginTest - Finished TC_001
10:35:02.571 [main] INFO  testCases.TC_002LoginTest - ****starting TC_001AccountRegistration****
10:35:12.591 [main] INFO  testCases.TC_002LoginTest - ****providing details****
10:35:13.856 [main] INFO  testCases.TC_002LoginTest - ****waiting****
10:35:17.411 [main] INFO  testCases.TC_002LoginTest - ****validating exp message****
10:35:18.853 [main] INFO  testCases.TC_002LoginTest - Finished TC_001
10:37:58.892 [main] INFO  testCases.TC_002LoginTest - ****starting TC_001AccountRegistration****
10:38:09.436 [main] INFO  testCases.TC_002LoginTest - ****providing details****
10:38:10.478 [main] INFO  testCases.TC_002LoginTest - ****waiting****
10:38:13.916 [main] INFO  testCases.TC_002LoginTest - ****validating exp message****
10:38:15.718 [main] INFO  testCases.TC_002LoginTest - Finished TC_001
10:46:53.519 [main] INFO  testCases.TC_002LoginTest - ****starting TC_001AccountRegistration****
10:54:05.849 [main] INFO  testCases.TC_002LoginTest - *******starting TC_002***********
10:56:07.511 [main] INFO  testCases.TC_002LoginTest - ****starting TC_001AccountRegistration****
10:56:07.904 [main] INFO  testCases.TC_002LoginTest - ****providing details****
10:56:08.521 [main] INFO  testCases.TC_002LoginTest - ****waiting****
10:56:12.773 [main] INFO  testCases.TC_002LoginTest - *******starting TC_002***********
11:41:42.593 [main] INFO  testCases.TC_002LoginTest - *******starting TC_002***********
11:43:13.186 [main] INFO  testCases.TC_002LoginTest - *******starting TC_002***********
11:44:26.625 [main] INFO  testCases.TC_002LoginTest - *******starting TC_002***********
11:44:48.762 [main] INFO  testCases.TC_002LoginTest - *******Finished TC_002***********
11:45:15.534 [main] INFO  testCases.TC_002LoginTest - *******starting TC_002***********
11:45:50.435 [main] INFO  testCases.TC_002LoginTest - *******starting TC_002***********
11:46:03.790 [main] INFO  testCases.TC_002LoginTest - *******Finished TC_002***********
12:02:02.150 [main] INFO  testCases.TC_002LoginTest - *******starting TC_002***********
12:02:29.330 [main] INFO  testCases.TC_002LoginTest - *******starting TC_002***********
12:02:51.142 [main] INFO  testCases.TC_002LoginTest - *******Finished TC_002***********
15:02:31.255 [main] INFO  testCases.TC_003LoginDDT - ***started TC_003******
15:02:45.402 [main] INFO  testCases.TC_003LoginDDT - ***started TC_003******
15:02:55.614 [main] INFO  testCases.TC_003LoginDDT - ***started TC_003******
15:03:05.773 [main] INFO  testCases.TC_003LoginDDT - ***started TC_003******
15:03:15.933 [main] INFO  testCases.TC_003LoginDDT - ***started TC_003******
15:06:03.521 [main] INFO  testCases.TC_003LoginDDT - ***started TC_003******
15:06:23.495 [main] INFO  testCases.TC_003LoginDDT - ***started TC_003******
15:06:33.748 [main] INFO  testCases.TC_003LoginDDT - ***started TC_003******
15:06:44.021 [main] INFO  testCases.TC_003LoginDDT - ***started TC_003******
15:06:54.217 [main] INFO  testCases.TC_003LoginDDT - ***started TC_003******
15:08:57.387 [main] INFO  testCases.TC_003LoginDDT - ***started TC_003******
15:10:03.239 [main] INFO  testCases.TC_003LoginDDT - ***started TC_003******
15:10:13.818 [main] INFO  testCases.TC_003LoginDDT - ***started TC_003******
15:10:24.235 [main] INFO  testCases.TC_003LoginDDT - ***started TC_003******
15:10:34.624 [main] INFO  testCases.TC_003LoginDDT - ***started TC_003******
15:23:27.487 [main] INFO  testCases.TC_003LoginDDT - ***started TC_003******
15:23:43.984 [main] INFO  testCases.TC_003LoginDDT - ***started TC_003******
15:23:54.514 [main] INFO  testCases.TC_003LoginDDT - ***started TC_003******
15:23:55.838 [main] INFO  testCases.TC_003LoginDDT - ***started TC_003******
15:23:57.145 [main] INFO  testCases.TC_003LoginDDT - ***started TC_003******
15:26:41.591 [main] INFO  testCases.TC_003LoginDDT - ***started TC_003******
15:26:55.006 [main] INFO  testCases.TC_003LoginDDT - ***started TC_003******
15:27:09.875 [main] INFO  testCases.TC_003LoginDDT - ***started TC_003******
15:27:11.175 [main] INFO  testCases.TC_003LoginDDT - ***started TC_003******
15:27:12.510 [main] INFO  testCases.TC_003LoginDDT - ***started TC_003******
15:28:44.381 [main] INFO  testCases.TC_003LoginDDT - ***started TC_003******
15:29:00.117 [main] INFO  testCases.TC_003LoginDDT - ***started TC_003******
15:29:10.515 [main] INFO  testCases.TC_003LoginDDT - ***started TC_003******
15:29:16.874 [main] INFO  testCases.TC_003LoginDDT - ***started TC_003******
15:29:27.375 [main] INFO  testCases.TC_003LoginDDT - ***started TC_003******
15:35:11.106 [main] INFO  testCases.TC_003LoginDDT - ***started TC_003******
15:35:26.229 [main] INFO  testCases.TC_003LoginDDT - ***started TC_003******
15:35:39.126 [main] INFO  testCases.TC_003LoginDDT - ***started TC_003******
15:35:40.373 [main] INFO  testCases.TC_003LoginDDT - ***started TC_003******
15:35:41.674 [main] INFO  testCases.TC_003LoginDDT - ***started TC_003******
15:36:09.401 [main] INFO  testCases.TC_003LoginDDT - ***started TC_003******
15:36:36.594 [main] INFO  testCases.TC_003LoginDDT - ***started TC_003******
15:36:46.153 [main] INFO  testCases.TC_003LoginDDT - ***started TC_003******
15:37:07.128 [main] INFO  testCases.TC_003LoginDDT - ***started TC_003******
15:37:12.517 [main] INFO  testCases.TC_003LoginDDT - ***started TC_003******
20:40:47.051 [main] INFO  testCases.TC_003LoginDDT - ***started TC_003******
20:41:19.414 [main] INFO  testCases.TC_003LoginDDT - ***started TC_003******
20:41:35.814 [main] INFO  testCases.TC_003LoginDDT - ***started TC_003******
20:41:46.285 [main] INFO  testCases.TC_003LoginDDT - ***started TC_003******
20:41:56.716 [main] INFO  testCases.TC_003LoginDDT - ***started TC_003******
20:42:35.446 [main] INFO  testCases.TC_003LoginDDT - ***started TC_003******
20:42:58.533 [main] INFO  testCases.TC_003LoginDDT - ***started TC_003******
20:43:12.894 [main] INFO  testCases.TC_003LoginDDT - ***started TC_003******
20:43:23.301 [main] INFO  testCases.TC_003LoginDDT - ***started TC_003******
20:43:33.918 [main] INFO  testCases.TC_003LoginDDT - ***started TC_003******
12:50:37.792 [main] INFO  testCases.TC_003LoginDDT - ***started TC_003******
12:51:01.295 [main] INFO  testCases.TC_003LoginDDT - ***started TC_003******
12:51:11.838 [main] INFO  testCases.TC_003LoginDDT - ***started TC_003******
12:51:22.343 [main] INFO  testCases.TC_003LoginDDT - ***started TC_003******
12:51:32.696 [main] INFO  testCases.TC_003LoginDDT - ***started TC_003******
14:52:27.025 [main] INFO  testCases.TC_003LoginDDT - ***started TC_003******
14:52:44.198 [main] INFO  testCases.TC_003LoginDDT - ***started TC_003******
14:52:54.717 [main] INFO  testCases.TC_003LoginDDT - ***started TC_003******
14:53:05.159 [main] INFO  testCases.TC_003LoginDDT - ***started TC_003******
14:53:15.625 [main] INFO  testCases.TC_003LoginDDT - ***started TC_003******
17:48:37.694 [main] INFO  testCases.TC_001AccountRegistrationTest - ****starting TC_001AccountRegistration****
17:48:50.354 [main] INFO  testCases.TC_001AccountRegistrationTest - ****providing details****
17:48:51.804 [main] INFO  testCases.TC_001AccountRegistrationTest - ****waiting****
17:48:55.317 [main] INFO  testCases.TC_001AccountRegistrationTest - ****validating exp message****
17:48:56.579 [main] INFO  testCases.TC_001AccountRegistrationTest - Finished TC_001
17:51:02.917 [main] INFO  testCases.TC_001AccountRegistrationTest - ****starting TC_001AccountRegistration****
17:51:13.551 [main] INFO  testCases.TC_001AccountRegistrationTest - ****providing details****
17:51:14.072 [main] INFO  testCases.TC_001AccountRegistrationTest - ****waiting****
17:51:17.572 [main] INFO  testCases.TC_001AccountRegistrationTest - ****validating exp message****
17:51:18.943 [main] INFO  testCases.TC_001AccountRegistrationTest - Finished TC_001
17:55:23.245 [main] INFO  testCases.TC_001AccountRegistrationTest - ****starting TC_001AccountRegistration****
15:58:31.153 [main] INFO  testCases.TC_001AccountRegistrationTest - ****starting TC_001AccountRegistration****
16:01:58.979 [main] INFO  testCases.TC_001AccountRegistrationTest - ****starting TC_001AccountRegistration****
16:01:59.576 [main] INFO  testCases.TC_001AccountRegistrationTest - ****providing details****
16:02:00.027 [main] INFO  testCases.TC_001AccountRegistrationTest - ****waiting****
16:02:03.865 [main] INFO  testCases.TC_001AccountRegistrationTest - ****validating exp message****
16:02:14.438 [main] INFO  testCases.TC_001AccountRegistrationTest - Finished TC_001
16:03:25.204 [main] INFO  testCases.TC_001AccountRegistrationTest - ****starting TC_001AccountRegistration****
16:32:56.519 [main] INFO  testCases.TC_001AccountRegistrationTest - ****starting TC_001AccountRegistration****
16:33:06.586 [main] INFO  testCases.TC_001AccountRegistrationTest - ****providing details****
16:33:07.352 [main] INFO  testCases.TC_001AccountRegistrationTest - ****waiting****
16:33:10.779 [main] INFO  testCases.TC_001AccountRegistrationTest - ****validating exp message****
16:33:12.298 [main] INFO  testCases.TC_001AccountRegistrationTest - Finished TC_001
